[2025-07-23T04:44:03.262+0000] {processor.py:161} INFO - Started process (PID=167) to work on /opt/airflow/dags/end_to_end.py
[2025-07-23T04:44:03.264+0000] {processor.py:830} INFO - Processing file /opt/airflow/dags/end_to_end.py for tasks to queue
[2025-07-23T04:44:03.266+0000] {logging_mixin.py:188} INFO - [2025-07-23T04:44:03.266+0000] {dagbag.py:538} INFO - Filling up the DagBag from /opt/airflow/dags/end_to_end.py
[2025-07-23T04:44:03.589+0000] {processor.py:840} INFO - DAG(s) 'end_to_end' retrieved from /opt/airflow/dags/end_to_end.py
[2025-07-23T04:44:03.847+0000] {logging_mixin.py:188} INFO - [2025-07-23T04:44:03.846+0000] {override.py:1617} ERROR - Add Permission: (psycopg2.errors.UniqueViolation) duplicate key value violates unique constraint "ab_permission_name_uq"
DETAIL:  Key (name)=(can_delete) already exists.

[SQL: INSERT INTO ab_permission (name) VALUES (%(name)s) RETURNING ab_permission.id]
[parameters: {'name': 'can_delete'}]
(Background on this error at: https://sqlalche.me/e/14/gkpj)
[2025-07-23T04:44:03.856+0000] {logging_mixin.py:188} INFO - [2025-07-23T04:44:03.856+0000] {override.py:1769} INFO - Created Permission View: None on DAG:end_to_end
[2025-07-23T04:44:03.865+0000] {logging_mixin.py:188} INFO - [2025-07-23T04:44:03.865+0000] {override.py:1769} INFO - Created Permission View: can read on DAG:end_to_end
[2025-07-23T04:44:03.884+0000] {logging_mixin.py:188} INFO - [2025-07-23T04:44:03.883+0000] {override.py:1769} INFO - Created Permission View: can edit on DAG:end_to_end
[2025-07-23T04:44:03.884+0000] {logging_mixin.py:188} INFO - [2025-07-23T04:44:03.884+0000] {dag.py:3036} INFO - Sync 1 DAGs
[2025-07-23T04:44:03.910+0000] {logging_mixin.py:188} INFO - [2025-07-23T04:44:03.910+0000] {dag.py:3058} INFO - Creating ORM DAG for end_to_end
[2025-07-23T04:44:03.934+0000] {logging_mixin.py:188} INFO - [2025-07-23T04:44:03.934+0000] {dag.py:3823} INFO - Setting next_dagrun for end_to_end to 2025-07-22 00:00:00+00:00, run_after=2025-07-23 00:00:00+00:00
[2025-07-23T04:44:03.985+0000] {processor.py:183} INFO - Processing /opt/airflow/dags/end_to_end.py took 0.731 seconds
[2025-07-23T04:44:34.340+0000] {processor.py:161} INFO - Started process (PID=177) to work on /opt/airflow/dags/end_to_end.py
[2025-07-23T04:44:34.343+0000] {processor.py:830} INFO - Processing file /opt/airflow/dags/end_to_end.py for tasks to queue
[2025-07-23T04:44:34.345+0000] {logging_mixin.py:188} INFO - [2025-07-23T04:44:34.345+0000] {dagbag.py:538} INFO - Filling up the DagBag from /opt/airflow/dags/end_to_end.py
[2025-07-23T04:44:34.521+0000] {processor.py:840} INFO - DAG(s) 'end_to_end' retrieved from /opt/airflow/dags/end_to_end.py
[2025-07-23T04:44:34.559+0000] {logging_mixin.py:188} INFO - [2025-07-23T04:44:34.559+0000] {dag.py:3036} INFO - Sync 1 DAGs
[2025-07-23T04:44:34.596+0000] {logging_mixin.py:188} INFO - [2025-07-23T04:44:34.595+0000] {dag.py:3823} INFO - Setting next_dagrun for end_to_end to 2025-07-22 00:00:00+00:00, run_after=2025-07-23 00:00:00+00:00
[2025-07-23T04:44:34.620+0000] {processor.py:183} INFO - Processing /opt/airflow/dags/end_to_end.py took 0.289 seconds
[2025-07-23T04:45:05.299+0000] {processor.py:161} INFO - Started process (PID=187) to work on /opt/airflow/dags/end_to_end.py
[2025-07-23T04:45:05.315+0000] {processor.py:830} INFO - Processing file /opt/airflow/dags/end_to_end.py for tasks to queue
[2025-07-23T04:45:05.330+0000] {logging_mixin.py:188} INFO - [2025-07-23T04:45:05.318+0000] {dagbag.py:538} INFO - Filling up the DagBag from /opt/airflow/dags/end_to_end.py
[2025-07-23T04:45:05.812+0000] {processor.py:840} INFO - DAG(s) 'end_to_end' retrieved from /opt/airflow/dags/end_to_end.py
[2025-07-23T04:45:05.855+0000] {logging_mixin.py:188} INFO - [2025-07-23T04:45:05.855+0000] {dag.py:3036} INFO - Sync 1 DAGs
[2025-07-23T04:45:05.887+0000] {logging_mixin.py:188} INFO - [2025-07-23T04:45:05.887+0000] {dag.py:3823} INFO - Setting next_dagrun for end_to_end to 2025-07-22 00:00:00+00:00, run_after=2025-07-23 00:00:00+00:00
[2025-07-23T04:45:05.907+0000] {processor.py:183} INFO - Processing /opt/airflow/dags/end_to_end.py took 0.655 seconds
[2025-07-23T04:45:36.353+0000] {processor.py:161} INFO - Started process (PID=210) to work on /opt/airflow/dags/end_to_end.py
[2025-07-23T04:45:36.354+0000] {processor.py:830} INFO - Processing file /opt/airflow/dags/end_to_end.py for tasks to queue
[2025-07-23T04:45:36.356+0000] {logging_mixin.py:188} INFO - [2025-07-23T04:45:36.356+0000] {dagbag.py:538} INFO - Filling up the DagBag from /opt/airflow/dags/end_to_end.py
[2025-07-23T04:45:36.504+0000] {processor.py:840} INFO - DAG(s) 'end_to_end' retrieved from /opt/airflow/dags/end_to_end.py
[2025-07-23T04:45:36.535+0000] {logging_mixin.py:188} INFO - [2025-07-23T04:45:36.535+0000] {dag.py:3036} INFO - Sync 1 DAGs
[2025-07-23T04:45:36.564+0000] {logging_mixin.py:188} INFO - [2025-07-23T04:45:36.563+0000] {dag.py:3823} INFO - Setting next_dagrun for end_to_end to 2025-07-23 00:00:00+00:00, run_after=2025-07-24 00:00:00+00:00
[2025-07-23T04:45:36.587+0000] {processor.py:183} INFO - Processing /opt/airflow/dags/end_to_end.py took 0.239 seconds
[2025-07-23T04:46:07.053+0000] {processor.py:161} INFO - Started process (PID=220) to work on /opt/airflow/dags/end_to_end.py
[2025-07-23T04:46:07.055+0000] {processor.py:830} INFO - Processing file /opt/airflow/dags/end_to_end.py for tasks to queue
[2025-07-23T04:46:07.056+0000] {logging_mixin.py:188} INFO - [2025-07-23T04:46:07.056+0000] {dagbag.py:538} INFO - Filling up the DagBag from /opt/airflow/dags/end_to_end.py
[2025-07-23T04:46:07.194+0000] {processor.py:840} INFO - DAG(s) 'end_to_end' retrieved from /opt/airflow/dags/end_to_end.py
[2025-07-23T04:46:07.228+0000] {logging_mixin.py:188} INFO - [2025-07-23T04:46:07.227+0000] {dag.py:3036} INFO - Sync 1 DAGs
[2025-07-23T04:46:07.255+0000] {logging_mixin.py:188} INFO - [2025-07-23T04:46:07.255+0000] {dag.py:3823} INFO - Setting next_dagrun for end_to_end to 2025-07-23 00:00:00+00:00, run_after=2025-07-24 00:00:00+00:00
[2025-07-23T04:46:07.278+0000] {processor.py:183} INFO - Processing /opt/airflow/dags/end_to_end.py took 0.229 seconds
[2025-07-23T04:46:37.843+0000] {processor.py:161} INFO - Started process (PID=230) to work on /opt/airflow/dags/end_to_end.py
[2025-07-23T04:46:37.844+0000] {processor.py:830} INFO - Processing file /opt/airflow/dags/end_to_end.py for tasks to queue
[2025-07-23T04:46:37.845+0000] {logging_mixin.py:188} INFO - [2025-07-23T04:46:37.845+0000] {dagbag.py:538} INFO - Filling up the DagBag from /opt/airflow/dags/end_to_end.py
[2025-07-23T04:46:37.989+0000] {processor.py:840} INFO - DAG(s) 'end_to_end' retrieved from /opt/airflow/dags/end_to_end.py
[2025-07-23T04:46:38.022+0000] {logging_mixin.py:188} INFO - [2025-07-23T04:46:38.022+0000] {dag.py:3036} INFO - Sync 1 DAGs
[2025-07-23T04:46:38.052+0000] {logging_mixin.py:188} INFO - [2025-07-23T04:46:38.051+0000] {dag.py:3823} INFO - Setting next_dagrun for end_to_end to 2025-07-23 00:00:00+00:00, run_after=2025-07-24 00:00:00+00:00
[2025-07-23T04:46:38.075+0000] {processor.py:183} INFO - Processing /opt/airflow/dags/end_to_end.py took 0.237 seconds
[2025-07-23T04:47:08.397+0000] {processor.py:161} INFO - Started process (PID=240) to work on /opt/airflow/dags/end_to_end.py
[2025-07-23T04:47:08.399+0000] {processor.py:830} INFO - Processing file /opt/airflow/dags/end_to_end.py for tasks to queue
[2025-07-23T04:47:08.401+0000] {logging_mixin.py:188} INFO - [2025-07-23T04:47:08.400+0000] {dagbag.py:538} INFO - Filling up the DagBag from /opt/airflow/dags/end_to_end.py
[2025-07-23T04:47:08.570+0000] {processor.py:840} INFO - DAG(s) 'end_to_end' retrieved from /opt/airflow/dags/end_to_end.py
[2025-07-23T04:47:08.603+0000] {logging_mixin.py:188} INFO - [2025-07-23T04:47:08.602+0000] {dag.py:3036} INFO - Sync 1 DAGs
[2025-07-23T04:47:08.629+0000] {logging_mixin.py:188} INFO - [2025-07-23T04:47:08.629+0000] {dag.py:3823} INFO - Setting next_dagrun for end_to_end to 2025-07-23 00:00:00+00:00, run_after=2025-07-24 00:00:00+00:00
[2025-07-23T04:47:08.655+0000] {processor.py:183} INFO - Processing /opt/airflow/dags/end_to_end.py took 0.263 seconds
[2025-07-23T04:47:39.218+0000] {processor.py:161} INFO - Started process (PID=250) to work on /opt/airflow/dags/end_to_end.py
[2025-07-23T04:47:39.219+0000] {processor.py:830} INFO - Processing file /opt/airflow/dags/end_to_end.py for tasks to queue
[2025-07-23T04:47:39.221+0000] {logging_mixin.py:188} INFO - [2025-07-23T04:47:39.220+0000] {dagbag.py:538} INFO - Filling up the DagBag from /opt/airflow/dags/end_to_end.py
[2025-07-23T04:47:39.364+0000] {processor.py:840} INFO - DAG(s) 'end_to_end' retrieved from /opt/airflow/dags/end_to_end.py
[2025-07-23T04:47:39.405+0000] {logging_mixin.py:188} INFO - [2025-07-23T04:47:39.405+0000] {dag.py:3036} INFO - Sync 1 DAGs
[2025-07-23T04:47:39.434+0000] {logging_mixin.py:188} INFO - [2025-07-23T04:47:39.433+0000] {dag.py:3823} INFO - Setting next_dagrun for end_to_end to 2025-07-23 00:00:00+00:00, run_after=2025-07-24 00:00:00+00:00
[2025-07-23T04:47:39.455+0000] {processor.py:183} INFO - Processing /opt/airflow/dags/end_to_end.py took 0.241 seconds
[2025-07-23T04:48:10.016+0000] {processor.py:161} INFO - Started process (PID=260) to work on /opt/airflow/dags/end_to_end.py
[2025-07-23T04:48:10.018+0000] {processor.py:830} INFO - Processing file /opt/airflow/dags/end_to_end.py for tasks to queue
[2025-07-23T04:48:10.019+0000] {logging_mixin.py:188} INFO - [2025-07-23T04:48:10.018+0000] {dagbag.py:538} INFO - Filling up the DagBag from /opt/airflow/dags/end_to_end.py
[2025-07-23T04:48:10.147+0000] {processor.py:840} INFO - DAG(s) 'end_to_end' retrieved from /opt/airflow/dags/end_to_end.py
[2025-07-23T04:48:10.177+0000] {logging_mixin.py:188} INFO - [2025-07-23T04:48:10.177+0000] {dag.py:3036} INFO - Sync 1 DAGs
[2025-07-23T04:48:10.204+0000] {logging_mixin.py:188} INFO - [2025-07-23T04:48:10.204+0000] {dag.py:3823} INFO - Setting next_dagrun for end_to_end to 2025-07-23 00:00:00+00:00, run_after=2025-07-24 00:00:00+00:00
[2025-07-23T04:48:10.227+0000] {processor.py:183} INFO - Processing /opt/airflow/dags/end_to_end.py took 0.216 seconds
[2025-07-23T04:48:40.837+0000] {processor.py:161} INFO - Started process (PID=270) to work on /opt/airflow/dags/end_to_end.py
[2025-07-23T04:48:40.839+0000] {processor.py:830} INFO - Processing file /opt/airflow/dags/end_to_end.py for tasks to queue
[2025-07-23T04:48:40.840+0000] {logging_mixin.py:188} INFO - [2025-07-23T04:48:40.839+0000] {dagbag.py:538} INFO - Filling up the DagBag from /opt/airflow/dags/end_to_end.py
[2025-07-23T04:48:40.975+0000] {processor.py:840} INFO - DAG(s) 'end_to_end' retrieved from /opt/airflow/dags/end_to_end.py
[2025-07-23T04:48:41.008+0000] {logging_mixin.py:188} INFO - [2025-07-23T04:48:41.008+0000] {dag.py:3036} INFO - Sync 1 DAGs
[2025-07-23T04:48:41.038+0000] {logging_mixin.py:188} INFO - [2025-07-23T04:48:41.038+0000] {dag.py:3823} INFO - Setting next_dagrun for end_to_end to 2025-07-23 00:00:00+00:00, run_after=2025-07-24 00:00:00+00:00
[2025-07-23T04:48:41.060+0000] {processor.py:183} INFO - Processing /opt/airflow/dags/end_to_end.py took 0.227 seconds
[2025-07-23T04:49:11.709+0000] {processor.py:161} INFO - Started process (PID=280) to work on /opt/airflow/dags/end_to_end.py
[2025-07-23T04:49:11.711+0000] {processor.py:830} INFO - Processing file /opt/airflow/dags/end_to_end.py for tasks to queue
[2025-07-23T04:49:11.713+0000] {logging_mixin.py:188} INFO - [2025-07-23T04:49:11.712+0000] {dagbag.py:538} INFO - Filling up the DagBag from /opt/airflow/dags/end_to_end.py
[2025-07-23T04:49:11.902+0000] {processor.py:840} INFO - DAG(s) 'end_to_end' retrieved from /opt/airflow/dags/end_to_end.py
[2025-07-23T04:49:11.946+0000] {logging_mixin.py:188} INFO - [2025-07-23T04:49:11.945+0000] {dag.py:3036} INFO - Sync 1 DAGs
[2025-07-23T04:49:11.975+0000] {logging_mixin.py:188} INFO - [2025-07-23T04:49:11.974+0000] {dag.py:3823} INFO - Setting next_dagrun for end_to_end to 2025-07-23 00:00:00+00:00, run_after=2025-07-24 00:00:00+00:00
[2025-07-23T04:49:11.997+0000] {processor.py:183} INFO - Processing /opt/airflow/dags/end_to_end.py took 0.297 seconds
[2025-07-23T04:49:42.568+0000] {processor.py:161} INFO - Started process (PID=290) to work on /opt/airflow/dags/end_to_end.py
[2025-07-23T04:49:42.570+0000] {processor.py:830} INFO - Processing file /opt/airflow/dags/end_to_end.py for tasks to queue
[2025-07-23T04:49:42.571+0000] {logging_mixin.py:188} INFO - [2025-07-23T04:49:42.571+0000] {dagbag.py:538} INFO - Filling up the DagBag from /opt/airflow/dags/end_to_end.py
[2025-07-23T04:49:42.717+0000] {processor.py:840} INFO - DAG(s) 'end_to_end' retrieved from /opt/airflow/dags/end_to_end.py
[2025-07-23T04:49:42.750+0000] {logging_mixin.py:188} INFO - [2025-07-23T04:49:42.750+0000] {dag.py:3036} INFO - Sync 1 DAGs
[2025-07-23T04:49:42.775+0000] {logging_mixin.py:188} INFO - [2025-07-23T04:49:42.775+0000] {dag.py:3823} INFO - Setting next_dagrun for end_to_end to 2025-07-23 00:00:00+00:00, run_after=2025-07-24 00:00:00+00:00
[2025-07-23T04:49:42.798+0000] {processor.py:183} INFO - Processing /opt/airflow/dags/end_to_end.py took 0.234 seconds
[2025-07-23T04:50:13.233+0000] {processor.py:161} INFO - Started process (PID=300) to work on /opt/airflow/dags/end_to_end.py
[2025-07-23T04:50:13.235+0000] {processor.py:830} INFO - Processing file /opt/airflow/dags/end_to_end.py for tasks to queue
[2025-07-23T04:50:13.237+0000] {logging_mixin.py:188} INFO - [2025-07-23T04:50:13.236+0000] {dagbag.py:538} INFO - Filling up the DagBag from /opt/airflow/dags/end_to_end.py
[2025-07-23T04:50:13.390+0000] {processor.py:840} INFO - DAG(s) 'end_to_end' retrieved from /opt/airflow/dags/end_to_end.py
[2025-07-23T04:50:13.421+0000] {logging_mixin.py:188} INFO - [2025-07-23T04:50:13.421+0000] {dag.py:3036} INFO - Sync 1 DAGs
[2025-07-23T04:50:13.458+0000] {logging_mixin.py:188} INFO - [2025-07-23T04:50:13.457+0000] {dag.py:3823} INFO - Setting next_dagrun for end_to_end to 2025-07-23 00:00:00+00:00, run_after=2025-07-24 00:00:00+00:00
[2025-07-23T04:50:13.491+0000] {processor.py:183} INFO - Processing /opt/airflow/dags/end_to_end.py took 0.264 seconds
[2025-07-23T04:50:43.989+0000] {processor.py:161} INFO - Started process (PID=310) to work on /opt/airflow/dags/end_to_end.py
[2025-07-23T04:50:43.990+0000] {processor.py:830} INFO - Processing file /opt/airflow/dags/end_to_end.py for tasks to queue
[2025-07-23T04:50:43.991+0000] {logging_mixin.py:188} INFO - [2025-07-23T04:50:43.991+0000] {dagbag.py:538} INFO - Filling up the DagBag from /opt/airflow/dags/end_to_end.py
[2025-07-23T04:50:44.133+0000] {processor.py:840} INFO - DAG(s) 'end_to_end' retrieved from /opt/airflow/dags/end_to_end.py
[2025-07-23T04:50:44.167+0000] {logging_mixin.py:188} INFO - [2025-07-23T04:50:44.167+0000] {dag.py:3036} INFO - Sync 1 DAGs
[2025-07-23T04:50:44.196+0000] {logging_mixin.py:188} INFO - [2025-07-23T04:50:44.196+0000] {dag.py:3823} INFO - Setting next_dagrun for end_to_end to 2025-07-23 00:00:00+00:00, run_after=2025-07-24 00:00:00+00:00
[2025-07-23T04:50:44.220+0000] {processor.py:183} INFO - Processing /opt/airflow/dags/end_to_end.py took 0.236 seconds
[2025-07-23T04:51:14.834+0000] {processor.py:161} INFO - Started process (PID=320) to work on /opt/airflow/dags/end_to_end.py
[2025-07-23T04:51:14.835+0000] {processor.py:830} INFO - Processing file /opt/airflow/dags/end_to_end.py for tasks to queue
[2025-07-23T04:51:14.837+0000] {logging_mixin.py:188} INFO - [2025-07-23T04:51:14.836+0000] {dagbag.py:538} INFO - Filling up the DagBag from /opt/airflow/dags/end_to_end.py
[2025-07-23T04:51:14.980+0000] {processor.py:840} INFO - DAG(s) 'end_to_end' retrieved from /opt/airflow/dags/end_to_end.py
[2025-07-23T04:51:15.018+0000] {logging_mixin.py:188} INFO - [2025-07-23T04:51:15.018+0000] {dag.py:3036} INFO - Sync 1 DAGs
[2025-07-23T04:51:15.047+0000] {logging_mixin.py:188} INFO - [2025-07-23T04:51:15.046+0000] {dag.py:3823} INFO - Setting next_dagrun for end_to_end to 2025-07-23 00:00:00+00:00, run_after=2025-07-24 00:00:00+00:00
[2025-07-23T04:51:15.071+0000] {processor.py:183} INFO - Processing /opt/airflow/dags/end_to_end.py took 0.242 seconds
[2025-07-23T04:51:45.566+0000] {processor.py:161} INFO - Started process (PID=330) to work on /opt/airflow/dags/end_to_end.py
[2025-07-23T04:51:45.568+0000] {processor.py:830} INFO - Processing file /opt/airflow/dags/end_to_end.py for tasks to queue
[2025-07-23T04:51:45.569+0000] {logging_mixin.py:188} INFO - [2025-07-23T04:51:45.569+0000] {dagbag.py:538} INFO - Filling up the DagBag from /opt/airflow/dags/end_to_end.py
[2025-07-23T04:51:45.701+0000] {processor.py:840} INFO - DAG(s) 'end_to_end' retrieved from /opt/airflow/dags/end_to_end.py
[2025-07-23T04:51:45.737+0000] {logging_mixin.py:188} INFO - [2025-07-23T04:51:45.737+0000] {dag.py:3036} INFO - Sync 1 DAGs
[2025-07-23T04:51:45.764+0000] {logging_mixin.py:188} INFO - [2025-07-23T04:51:45.764+0000] {dag.py:3823} INFO - Setting next_dagrun for end_to_end to 2025-07-23 00:00:00+00:00, run_after=2025-07-24 00:00:00+00:00
[2025-07-23T04:51:45.786+0000] {processor.py:183} INFO - Processing /opt/airflow/dags/end_to_end.py took 0.225 seconds
[2025-07-23T04:52:16.381+0000] {processor.py:161} INFO - Started process (PID=340) to work on /opt/airflow/dags/end_to_end.py
[2025-07-23T04:52:16.384+0000] {processor.py:830} INFO - Processing file /opt/airflow/dags/end_to_end.py for tasks to queue
[2025-07-23T04:52:16.387+0000] {logging_mixin.py:188} INFO - [2025-07-23T04:52:16.386+0000] {dagbag.py:538} INFO - Filling up the DagBag from /opt/airflow/dags/end_to_end.py
[2025-07-23T04:52:16.658+0000] {processor.py:840} INFO - DAG(s) 'end_to_end' retrieved from /opt/airflow/dags/end_to_end.py
[2025-07-23T04:52:16.712+0000] {logging_mixin.py:188} INFO - [2025-07-23T04:52:16.711+0000] {dag.py:3036} INFO - Sync 1 DAGs
[2025-07-23T04:52:16.746+0000] {logging_mixin.py:188} INFO - [2025-07-23T04:52:16.746+0000] {dag.py:3823} INFO - Setting next_dagrun for end_to_end to 2025-07-23 00:00:00+00:00, run_after=2025-07-24 00:00:00+00:00
[2025-07-23T04:52:16.776+0000] {processor.py:183} INFO - Processing /opt/airflow/dags/end_to_end.py took 0.406 seconds
