[2025-07-23T04:44:03.274+0000] {processor.py:161} INFO - Started process (PID=170) to work on /opt/airflow/dags/read_from_mongo_dag.py
[2025-07-23T04:44:03.276+0000] {processor.py:830} INFO - Processing file /opt/airflow/dags/read_from_mongo_dag.py for tasks to queue
[2025-07-23T04:44:03.278+0000] {logging_mixin.py:188} INFO - [2025-07-23T04:44:03.278+0000] {dagbag.py:538} INFO - Filling up the DagBag from /opt/airflow/dags/read_from_mongo_dag.py
[2025-07-23T04:44:03.469+0000] {processor.py:840} INFO - DAG(s) 'read_from_mongo_dag' retrieved from /opt/airflow/dags/read_from_mongo_dag.py
[2025-07-23T04:44:03.853+0000] {logging_mixin.py:188} INFO - [2025-07-23T04:44:03.852+0000] {override.py:1769} INFO - Created Permission View: can delete on DAG:read_from_mongo_dag
[2025-07-23T04:44:03.866+0000] {logging_mixin.py:188} INFO - [2025-07-23T04:44:03.866+0000] {override.py:1769} INFO - Created Permission View: can read on DAG:read_from_mongo_dag
[2025-07-23T04:44:03.881+0000] {logging_mixin.py:188} INFO - [2025-07-23T04:44:03.881+0000] {override.py:1617} ERROR - Add Permission: (psycopg2.errors.UniqueViolation) duplicate key value violates unique constraint "ab_permission_name_uq"
DETAIL:  Key (name)=(can_edit) already exists.

[SQL: INSERT INTO ab_permission (name) VALUES (%(name)s) RETURNING ab_permission.id]
[parameters: {'name': 'can_edit'}]
(Background on this error at: https://sqlalche.me/e/14/gkpj)
[2025-07-23T04:44:03.892+0000] {logging_mixin.py:188} INFO - [2025-07-23T04:44:03.890+0000] {override.py:1769} INFO - Created Permission View: None on DAG:read_from_mongo_dag
[2025-07-23T04:44:03.895+0000] {logging_mixin.py:188} INFO - [2025-07-23T04:44:03.895+0000] {dag.py:3036} INFO - Sync 1 DAGs
[2025-07-23T04:44:03.923+0000] {logging_mixin.py:188} INFO - [2025-07-23T04:44:03.920+0000] {dag.py:3058} INFO - Creating ORM DAG for read_from_mongo_dag
[2025-07-23T04:44:03.926+0000] {logging_mixin.py:188} INFO - [2025-07-23T04:44:03.925+0000] {dag.py:3823} INFO - Setting next_dagrun for read_from_mongo_dag to None, run_after=None
[2025-07-23T04:44:03.980+0000] {processor.py:183} INFO - Processing /opt/airflow/dags/read_from_mongo_dag.py took 0.712 seconds
[2025-07-23T04:44:34.360+0000] {processor.py:161} INFO - Started process (PID=180) to work on /opt/airflow/dags/read_from_mongo_dag.py
[2025-07-23T04:44:34.362+0000] {processor.py:830} INFO - Processing file /opt/airflow/dags/read_from_mongo_dag.py for tasks to queue
[2025-07-23T04:44:34.364+0000] {logging_mixin.py:188} INFO - [2025-07-23T04:44:34.363+0000] {dagbag.py:538} INFO - Filling up the DagBag from /opt/airflow/dags/read_from_mongo_dag.py
[2025-07-23T04:44:34.508+0000] {processor.py:840} INFO - DAG(s) 'read_from_mongo_dag' retrieved from /opt/airflow/dags/read_from_mongo_dag.py
[2025-07-23T04:44:34.548+0000] {logging_mixin.py:188} INFO - [2025-07-23T04:44:34.548+0000] {dag.py:3036} INFO - Sync 1 DAGs
[2025-07-23T04:44:34.565+0000] {logging_mixin.py:188} INFO - [2025-07-23T04:44:34.565+0000] {dag.py:3823} INFO - Setting next_dagrun for read_from_mongo_dag to None, run_after=None
[2025-07-23T04:44:34.592+0000] {processor.py:183} INFO - Processing /opt/airflow/dags/read_from_mongo_dag.py took 0.239 seconds
[2025-07-23T04:45:05.372+0000] {processor.py:161} INFO - Started process (PID=190) to work on /opt/airflow/dags/read_from_mongo_dag.py
[2025-07-23T04:45:05.384+0000] {processor.py:830} INFO - Processing file /opt/airflow/dags/read_from_mongo_dag.py for tasks to queue
[2025-07-23T04:45:05.387+0000] {logging_mixin.py:188} INFO - [2025-07-23T04:45:05.387+0000] {dagbag.py:538} INFO - Filling up the DagBag from /opt/airflow/dags/read_from_mongo_dag.py
[2025-07-23T04:45:05.740+0000] {processor.py:840} INFO - DAG(s) 'read_from_mongo_dag' retrieved from /opt/airflow/dags/read_from_mongo_dag.py
[2025-07-23T04:45:05.813+0000] {logging_mixin.py:188} INFO - [2025-07-23T04:45:05.813+0000] {dag.py:3036} INFO - Sync 1 DAGs
[2025-07-23T04:45:05.837+0000] {logging_mixin.py:188} INFO - [2025-07-23T04:45:05.837+0000] {dag.py:3823} INFO - Setting next_dagrun for read_from_mongo_dag to None, run_after=None
[2025-07-23T04:45:05.867+0000] {processor.py:183} INFO - Processing /opt/airflow/dags/read_from_mongo_dag.py took 0.544 seconds
[2025-07-23T04:45:36.363+0000] {processor.py:161} INFO - Started process (PID=213) to work on /opt/airflow/dags/read_from_mongo_dag.py
[2025-07-23T04:45:36.364+0000] {processor.py:830} INFO - Processing file /opt/airflow/dags/read_from_mongo_dag.py for tasks to queue
[2025-07-23T04:45:36.365+0000] {logging_mixin.py:188} INFO - [2025-07-23T04:45:36.365+0000] {dagbag.py:538} INFO - Filling up the DagBag from /opt/airflow/dags/read_from_mongo_dag.py
[2025-07-23T04:45:36.456+0000] {processor.py:840} INFO - DAG(s) 'read_from_mongo_dag' retrieved from /opt/airflow/dags/read_from_mongo_dag.py
[2025-07-23T04:45:36.487+0000] {logging_mixin.py:188} INFO - [2025-07-23T04:45:36.486+0000] {dag.py:3036} INFO - Sync 1 DAGs
[2025-07-23T04:45:36.501+0000] {logging_mixin.py:188} INFO - [2025-07-23T04:45:36.501+0000] {dag.py:3823} INFO - Setting next_dagrun for read_from_mongo_dag to None, run_after=None
[2025-07-23T04:45:36.527+0000] {processor.py:183} INFO - Processing /opt/airflow/dags/read_from_mongo_dag.py took 0.168 seconds
[2025-07-23T04:46:07.066+0000] {processor.py:161} INFO - Started process (PID=223) to work on /opt/airflow/dags/read_from_mongo_dag.py
[2025-07-23T04:46:07.067+0000] {processor.py:830} INFO - Processing file /opt/airflow/dags/read_from_mongo_dag.py for tasks to queue
[2025-07-23T04:46:07.069+0000] {logging_mixin.py:188} INFO - [2025-07-23T04:46:07.068+0000] {dagbag.py:538} INFO - Filling up the DagBag from /opt/airflow/dags/read_from_mongo_dag.py
[2025-07-23T04:46:07.154+0000] {processor.py:840} INFO - DAG(s) 'read_from_mongo_dag' retrieved from /opt/airflow/dags/read_from_mongo_dag.py
[2025-07-23T04:46:07.192+0000] {logging_mixin.py:188} INFO - [2025-07-23T04:46:07.192+0000] {dag.py:3036} INFO - Sync 1 DAGs
[2025-07-23T04:46:07.207+0000] {logging_mixin.py:188} INFO - [2025-07-23T04:46:07.207+0000] {dag.py:3823} INFO - Setting next_dagrun for read_from_mongo_dag to None, run_after=None
[2025-07-23T04:46:07.233+0000] {processor.py:183} INFO - Processing /opt/airflow/dags/read_from_mongo_dag.py took 0.171 seconds
[2025-07-23T04:46:37.852+0000] {processor.py:161} INFO - Started process (PID=233) to work on /opt/airflow/dags/read_from_mongo_dag.py
[2025-07-23T04:46:37.854+0000] {processor.py:830} INFO - Processing file /opt/airflow/dags/read_from_mongo_dag.py for tasks to queue
[2025-07-23T04:46:37.855+0000] {logging_mixin.py:188} INFO - [2025-07-23T04:46:37.855+0000] {dagbag.py:538} INFO - Filling up the DagBag from /opt/airflow/dags/read_from_mongo_dag.py
[2025-07-23T04:46:37.934+0000] {processor.py:840} INFO - DAG(s) 'read_from_mongo_dag' retrieved from /opt/airflow/dags/read_from_mongo_dag.py
[2025-07-23T04:46:37.968+0000] {logging_mixin.py:188} INFO - [2025-07-23T04:46:37.968+0000] {dag.py:3036} INFO - Sync 1 DAGs
[2025-07-23T04:46:37.983+0000] {logging_mixin.py:188} INFO - [2025-07-23T04:46:37.983+0000] {dag.py:3823} INFO - Setting next_dagrun for read_from_mongo_dag to None, run_after=None
[2025-07-23T04:46:38.011+0000] {processor.py:183} INFO - Processing /opt/airflow/dags/read_from_mongo_dag.py took 0.163 seconds
[2025-07-23T04:47:08.412+0000] {processor.py:161} INFO - Started process (PID=243) to work on /opt/airflow/dags/read_from_mongo_dag.py
[2025-07-23T04:47:08.413+0000] {processor.py:830} INFO - Processing file /opt/airflow/dags/read_from_mongo_dag.py for tasks to queue
[2025-07-23T04:47:08.415+0000] {logging_mixin.py:188} INFO - [2025-07-23T04:47:08.415+0000] {dagbag.py:538} INFO - Filling up the DagBag from /opt/airflow/dags/read_from_mongo_dag.py
[2025-07-23T04:47:08.514+0000] {processor.py:840} INFO - DAG(s) 'read_from_mongo_dag' retrieved from /opt/airflow/dags/read_from_mongo_dag.py
[2025-07-23T04:47:08.547+0000] {logging_mixin.py:188} INFO - [2025-07-23T04:47:08.547+0000] {dag.py:3036} INFO - Sync 1 DAGs
[2025-07-23T04:47:08.561+0000] {logging_mixin.py:188} INFO - [2025-07-23T04:47:08.561+0000] {dag.py:3823} INFO - Setting next_dagrun for read_from_mongo_dag to None, run_after=None
[2025-07-23T04:47:08.586+0000] {processor.py:183} INFO - Processing /opt/airflow/dags/read_from_mongo_dag.py took 0.179 seconds
[2025-07-23T04:47:39.230+0000] {processor.py:161} INFO - Started process (PID=253) to work on /opt/airflow/dags/read_from_mongo_dag.py
[2025-07-23T04:47:39.231+0000] {processor.py:830} INFO - Processing file /opt/airflow/dags/read_from_mongo_dag.py for tasks to queue
[2025-07-23T04:47:39.233+0000] {logging_mixin.py:188} INFO - [2025-07-23T04:47:39.232+0000] {dagbag.py:538} INFO - Filling up the DagBag from /opt/airflow/dags/read_from_mongo_dag.py
[2025-07-23T04:47:39.331+0000] {processor.py:840} INFO - DAG(s) 'read_from_mongo_dag' retrieved from /opt/airflow/dags/read_from_mongo_dag.py
[2025-07-23T04:47:39.367+0000] {logging_mixin.py:188} INFO - [2025-07-23T04:47:39.367+0000] {dag.py:3036} INFO - Sync 1 DAGs
[2025-07-23T04:47:39.383+0000] {logging_mixin.py:188} INFO - [2025-07-23T04:47:39.383+0000] {dag.py:3823} INFO - Setting next_dagrun for read_from_mongo_dag to None, run_after=None
[2025-07-23T04:47:39.412+0000] {processor.py:183} INFO - Processing /opt/airflow/dags/read_from_mongo_dag.py took 0.187 seconds
[2025-07-23T04:48:10.025+0000] {processor.py:161} INFO - Started process (PID=263) to work on /opt/airflow/dags/read_from_mongo_dag.py
[2025-07-23T04:48:10.027+0000] {processor.py:830} INFO - Processing file /opt/airflow/dags/read_from_mongo_dag.py for tasks to queue
[2025-07-23T04:48:10.028+0000] {logging_mixin.py:188} INFO - [2025-07-23T04:48:10.028+0000] {dagbag.py:538} INFO - Filling up the DagBag from /opt/airflow/dags/read_from_mongo_dag.py
[2025-07-23T04:48:10.107+0000] {processor.py:840} INFO - DAG(s) 'read_from_mongo_dag' retrieved from /opt/airflow/dags/read_from_mongo_dag.py
[2025-07-23T04:48:10.135+0000] {logging_mixin.py:188} INFO - [2025-07-23T04:48:10.134+0000] {dag.py:3036} INFO - Sync 1 DAGs
[2025-07-23T04:48:10.149+0000] {logging_mixin.py:188} INFO - [2025-07-23T04:48:10.148+0000] {dag.py:3823} INFO - Setting next_dagrun for read_from_mongo_dag to None, run_after=None
[2025-07-23T04:48:10.171+0000] {processor.py:183} INFO - Processing /opt/airflow/dags/read_from_mongo_dag.py took 0.149 seconds
[2025-07-23T04:48:40.849+0000] {processor.py:161} INFO - Started process (PID=273) to work on /opt/airflow/dags/read_from_mongo_dag.py
[2025-07-23T04:48:40.851+0000] {processor.py:830} INFO - Processing file /opt/airflow/dags/read_from_mongo_dag.py for tasks to queue
[2025-07-23T04:48:40.852+0000] {logging_mixin.py:188} INFO - [2025-07-23T04:48:40.852+0000] {dagbag.py:538} INFO - Filling up the DagBag from /opt/airflow/dags/read_from_mongo_dag.py
[2025-07-23T04:48:40.933+0000] {processor.py:840} INFO - DAG(s) 'read_from_mongo_dag' retrieved from /opt/airflow/dags/read_from_mongo_dag.py
[2025-07-23T04:48:40.964+0000] {logging_mixin.py:188} INFO - [2025-07-23T04:48:40.964+0000] {dag.py:3036} INFO - Sync 1 DAGs
[2025-07-23T04:48:40.978+0000] {logging_mixin.py:188} INFO - [2025-07-23T04:48:40.978+0000] {dag.py:3823} INFO - Setting next_dagrun for read_from_mongo_dag to None, run_after=None
[2025-07-23T04:48:41.004+0000] {processor.py:183} INFO - Processing /opt/airflow/dags/read_from_mongo_dag.py took 0.159 seconds
[2025-07-23T04:49:11.719+0000] {processor.py:161} INFO - Started process (PID=283) to work on /opt/airflow/dags/read_from_mongo_dag.py
[2025-07-23T04:49:11.721+0000] {processor.py:830} INFO - Processing file /opt/airflow/dags/read_from_mongo_dag.py for tasks to queue
[2025-07-23T04:49:11.723+0000] {logging_mixin.py:188} INFO - [2025-07-23T04:49:11.722+0000] {dagbag.py:538} INFO - Filling up the DagBag from /opt/airflow/dags/read_from_mongo_dag.py
[2025-07-23T04:49:11.840+0000] {processor.py:840} INFO - DAG(s) 'read_from_mongo_dag' retrieved from /opt/airflow/dags/read_from_mongo_dag.py
[2025-07-23T04:49:11.879+0000] {logging_mixin.py:188} INFO - [2025-07-23T04:49:11.878+0000] {dag.py:3036} INFO - Sync 1 DAGs
[2025-07-23T04:49:11.899+0000] {logging_mixin.py:188} INFO - [2025-07-23T04:49:11.899+0000] {dag.py:3823} INFO - Setting next_dagrun for read_from_mongo_dag to None, run_after=None
[2025-07-23T04:49:11.930+0000] {processor.py:183} INFO - Processing /opt/airflow/dags/read_from_mongo_dag.py took 0.217 seconds
[2025-07-23T04:49:42.574+0000] {processor.py:161} INFO - Started process (PID=293) to work on /opt/airflow/dags/read_from_mongo_dag.py
[2025-07-23T04:49:42.575+0000] {processor.py:830} INFO - Processing file /opt/airflow/dags/read_from_mongo_dag.py for tasks to queue
[2025-07-23T04:49:42.577+0000] {logging_mixin.py:188} INFO - [2025-07-23T04:49:42.577+0000] {dagbag.py:538} INFO - Filling up the DagBag from /opt/airflow/dags/read_from_mongo_dag.py
[2025-07-23T04:49:42.661+0000] {processor.py:840} INFO - DAG(s) 'read_from_mongo_dag' retrieved from /opt/airflow/dags/read_from_mongo_dag.py
[2025-07-23T04:49:42.692+0000] {logging_mixin.py:188} INFO - [2025-07-23T04:49:42.691+0000] {dag.py:3036} INFO - Sync 1 DAGs
[2025-07-23T04:49:42.705+0000] {logging_mixin.py:188} INFO - [2025-07-23T04:49:42.705+0000] {dag.py:3823} INFO - Setting next_dagrun for read_from_mongo_dag to None, run_after=None
[2025-07-23T04:49:42.731+0000] {processor.py:183} INFO - Processing /opt/airflow/dags/read_from_mongo_dag.py took 0.162 seconds
[2025-07-23T04:50:13.247+0000] {processor.py:161} INFO - Started process (PID=303) to work on /opt/airflow/dags/read_from_mongo_dag.py
[2025-07-23T04:50:13.248+0000] {processor.py:830} INFO - Processing file /opt/airflow/dags/read_from_mongo_dag.py for tasks to queue
[2025-07-23T04:50:13.249+0000] {logging_mixin.py:188} INFO - [2025-07-23T04:50:13.249+0000] {dagbag.py:538} INFO - Filling up the DagBag from /opt/airflow/dags/read_from_mongo_dag.py
[2025-07-23T04:50:13.339+0000] {processor.py:840} INFO - DAG(s) 'read_from_mongo_dag' retrieved from /opt/airflow/dags/read_from_mongo_dag.py
[2025-07-23T04:50:13.372+0000] {logging_mixin.py:188} INFO - [2025-07-23T04:50:13.372+0000] {dag.py:3036} INFO - Sync 1 DAGs
[2025-07-23T04:50:13.388+0000] {logging_mixin.py:188} INFO - [2025-07-23T04:50:13.388+0000] {dag.py:3823} INFO - Setting next_dagrun for read_from_mongo_dag to None, run_after=None
[2025-07-23T04:50:13.413+0000] {processor.py:183} INFO - Processing /opt/airflow/dags/read_from_mongo_dag.py took 0.171 seconds
[2025-07-23T04:50:43.998+0000] {processor.py:161} INFO - Started process (PID=313) to work on /opt/airflow/dags/read_from_mongo_dag.py
[2025-07-23T04:50:43.999+0000] {processor.py:830} INFO - Processing file /opt/airflow/dags/read_from_mongo_dag.py for tasks to queue
[2025-07-23T04:50:44.001+0000] {logging_mixin.py:188} INFO - [2025-07-23T04:50:44.001+0000] {dagbag.py:538} INFO - Filling up the DagBag from /opt/airflow/dags/read_from_mongo_dag.py
[2025-07-23T04:50:44.100+0000] {processor.py:840} INFO - DAG(s) 'read_from_mongo_dag' retrieved from /opt/airflow/dags/read_from_mongo_dag.py
[2025-07-23T04:50:44.135+0000] {logging_mixin.py:188} INFO - [2025-07-23T04:50:44.135+0000] {dag.py:3036} INFO - Sync 1 DAGs
[2025-07-23T04:50:44.150+0000] {logging_mixin.py:188} INFO - [2025-07-23T04:50:44.150+0000] {dag.py:3823} INFO - Setting next_dagrun for read_from_mongo_dag to None, run_after=None
[2025-07-23T04:50:44.176+0000] {processor.py:183} INFO - Processing /opt/airflow/dags/read_from_mongo_dag.py took 0.182 seconds
[2025-07-23T04:51:14.846+0000] {processor.py:161} INFO - Started process (PID=323) to work on /opt/airflow/dags/read_from_mongo_dag.py
[2025-07-23T04:51:14.847+0000] {processor.py:830} INFO - Processing file /opt/airflow/dags/read_from_mongo_dag.py for tasks to queue
[2025-07-23T04:51:14.848+0000] {logging_mixin.py:188} INFO - [2025-07-23T04:51:14.848+0000] {dagbag.py:538} INFO - Filling up the DagBag from /opt/airflow/dags/read_from_mongo_dag.py
[2025-07-23T04:51:14.930+0000] {processor.py:840} INFO - DAG(s) 'read_from_mongo_dag' retrieved from /opt/airflow/dags/read_from_mongo_dag.py
[2025-07-23T04:51:14.967+0000] {logging_mixin.py:188} INFO - [2025-07-23T04:51:14.967+0000] {dag.py:3036} INFO - Sync 1 DAGs
[2025-07-23T04:51:14.985+0000] {logging_mixin.py:188} INFO - [2025-07-23T04:51:14.984+0000] {dag.py:3823} INFO - Setting next_dagrun for read_from_mongo_dag to None, run_after=None
[2025-07-23T04:51:15.013+0000] {processor.py:183} INFO - Processing /opt/airflow/dags/read_from_mongo_dag.py took 0.171 seconds
[2025-07-23T04:51:45.577+0000] {processor.py:161} INFO - Started process (PID=333) to work on /opt/airflow/dags/read_from_mongo_dag.py
[2025-07-23T04:51:45.578+0000] {processor.py:830} INFO - Processing file /opt/airflow/dags/read_from_mongo_dag.py for tasks to queue
[2025-07-23T04:51:45.579+0000] {logging_mixin.py:188} INFO - [2025-07-23T04:51:45.579+0000] {dagbag.py:538} INFO - Filling up the DagBag from /opt/airflow/dags/read_from_mongo_dag.py
[2025-07-23T04:51:45.657+0000] {processor.py:840} INFO - DAG(s) 'read_from_mongo_dag' retrieved from /opt/airflow/dags/read_from_mongo_dag.py
[2025-07-23T04:51:45.691+0000] {logging_mixin.py:188} INFO - [2025-07-23T04:51:45.690+0000] {dag.py:3036} INFO - Sync 1 DAGs
[2025-07-23T04:51:45.706+0000] {logging_mixin.py:188} INFO - [2025-07-23T04:51:45.706+0000] {dag.py:3823} INFO - Setting next_dagrun for read_from_mongo_dag to None, run_after=None
[2025-07-23T04:51:45.733+0000] {processor.py:183} INFO - Processing /opt/airflow/dags/read_from_mongo_dag.py took 0.160 seconds
[2025-07-23T04:52:16.396+0000] {processor.py:161} INFO - Started process (PID=343) to work on /opt/airflow/dags/read_from_mongo_dag.py
[2025-07-23T04:52:16.399+0000] {processor.py:830} INFO - Processing file /opt/airflow/dags/read_from_mongo_dag.py for tasks to queue
[2025-07-23T04:52:16.402+0000] {logging_mixin.py:188} INFO - [2025-07-23T04:52:16.402+0000] {dagbag.py:538} INFO - Filling up the DagBag from /opt/airflow/dags/read_from_mongo_dag.py
[2025-07-23T04:52:16.555+0000] {processor.py:840} INFO - DAG(s) 'read_from_mongo_dag' retrieved from /opt/airflow/dags/read_from_mongo_dag.py
[2025-07-23T04:52:16.621+0000] {logging_mixin.py:188} INFO - [2025-07-23T04:52:16.621+0000] {dag.py:3036} INFO - Sync 1 DAGs
[2025-07-23T04:52:16.649+0000] {logging_mixin.py:188} INFO - [2025-07-23T04:52:16.648+0000] {dag.py:3823} INFO - Setting next_dagrun for read_from_mongo_dag to None, run_after=None
[2025-07-23T04:52:16.687+0000] {processor.py:183} INFO - Processing /opt/airflow/dags/read_from_mongo_dag.py took 0.300 seconds
