[2025-07-23T04:44:03.039+0000] {manager.py:469} INFO - Processing files using up to 2 processes at a time 
[2025-07-23T04:44:03.040+0000] {manager.py:470} INFO - Process each file at most once every 30 seconds
[2025-07-23T04:44:03.041+0000] {manager.py:471} INFO - Checking for new files in /opt/airflow/dags every 300 seconds
[2025-07-23T04:44:03.042+0000] {manager.py:738} INFO - Searching for files in /opt/airflow/dags
[2025-07-23T04:44:03.155+0000] {manager.py:741} INFO - There are 2 files in /opt/airflow/dags
[2025-07-23T04:44:03.320+0000] {manager.py:879} INFO - 
================================================================================
DAG File Processing Stats

File Path                                   PID  Runtime      # DAGs    # Errors  Last Runtime    Last Run
----------------------------------------  -----  ---------  --------  ----------  --------------  ----------
/opt/airflow/dags/end_to_end.py             167  0.08s             0           0
/opt/airflow/dags/read_from_mongo_dag.py    170  0.06s             0           0
================================================================================
[2025-07-23T04:44:34.335+0000] {manager.py:879} INFO - 
================================================================================
DAG File Processing Stats

File Path                                   PID  Runtime      # DAGs    # Errors  Last Runtime    Last Run
----------------------------------------  -----  ---------  --------  ----------  --------------  -------------------
/opt/airflow/dags/end_to_end.py             177  0.03s             1           0  0.79s           2025-07-23T04:44:04
/opt/airflow/dags/read_from_mongo_dag.py    180  0.01s             1           0  0.76s           2025-07-23T04:44:04
================================================================================
[2025-07-23T04:45:05.270+0000] {manager.py:879} INFO - 
================================================================================
DAG File Processing Stats

File Path                                   PID  Runtime      # DAGs    # Errors  Last Runtime    Last Run
----------------------------------------  -----  ---------  --------  ----------  --------------  -------------------
/opt/airflow/dags/end_to_end.py             187  0.10s             1           0  0.33s           2025-07-23T04:44:34
/opt/airflow/dags/read_from_mongo_dag.py    190  0.03s             1           0  0.29s           2025-07-23T04:44:34
================================================================================
[2025-07-23T04:45:35.301+0000] {manager.py:879} INFO - 
================================================================================
DAG File Processing Stats

File Path                                 PID    Runtime      # DAGs    # Errors  Last Runtime    Last Run
----------------------------------------  -----  ---------  --------  ----------  --------------  -------------------
/opt/airflow/dags/end_to_end.py                                    1           0  0.77s           2025-07-23T04:45:05
/opt/airflow/dags/read_from_mongo_dag.py                           1           0  0.66s           2025-07-23T04:45:05
================================================================================
[2025-07-23T04:46:05.971+0000] {manager.py:879} INFO - 
================================================================================
DAG File Processing Stats

File Path                                 PID    Runtime      # DAGs    # Errors  Last Runtime    Last Run
----------------------------------------  -----  ---------  --------  ----------  --------------  -------------------
/opt/airflow/dags/end_to_end.py                                    1           0  0.30s           2025-07-23T04:45:36
/opt/airflow/dags/read_from_mongo_dag.py                           1           0  0.20s           2025-07-23T04:45:36
================================================================================
[2025-07-23T04:46:36.794+0000] {manager.py:879} INFO - 
================================================================================
DAG File Processing Stats

File Path                                 PID    Runtime      # DAGs    # Errors  Last Runtime    Last Run
----------------------------------------  -----  ---------  --------  ----------  --------------  -------------------
/opt/airflow/dags/end_to_end.py                                    1           0  0.27s           2025-07-23T04:46:07
/opt/airflow/dags/read_from_mongo_dag.py                           1           0  0.20s           2025-07-23T04:46:07
================================================================================
[2025-07-23T04:47:07.349+0000] {manager.py:879} INFO - 
================================================================================
DAG File Processing Stats

File Path                                 PID    Runtime      # DAGs    # Errors  Last Runtime    Last Run
----------------------------------------  -----  ---------  --------  ----------  --------------  -------------------
/opt/airflow/dags/end_to_end.py                                    1           0  0.28s           2025-07-23T04:46:38
/opt/airflow/dags/read_from_mongo_dag.py                           1           0  0.20s           2025-07-23T04:46:38
================================================================================
[2025-07-23T04:47:38.172+0000] {manager.py:879} INFO - 
================================================================================
DAG File Processing Stats

File Path                                 PID    Runtime      # DAGs    # Errors  Last Runtime    Last Run
----------------------------------------  -----  ---------  --------  ----------  --------------  -------------------
/opt/airflow/dags/end_to_end.py                                    1           0  0.30s           2025-07-23T04:47:08
/opt/airflow/dags/read_from_mongo_dag.py                           1           0  0.21s           2025-07-23T04:47:08
================================================================================
[2025-07-23T04:48:08.910+0000] {manager.py:879} INFO - 
================================================================================
DAG File Processing Stats

File Path                                 PID    Runtime      # DAGs    # Errors  Last Runtime    Last Run
----------------------------------------  -----  ---------  --------  ----------  --------------  -------------------
/opt/airflow/dags/end_to_end.py                                    1           0  0.28s           2025-07-23T04:47:39
/opt/airflow/dags/read_from_mongo_dag.py                           1           0  0.22s           2025-07-23T04:47:39
================================================================================
[2025-07-23T04:48:39.778+0000] {manager.py:879} INFO - 
================================================================================
DAG File Processing Stats

File Path                                 PID    Runtime      # DAGs    # Errors  Last Runtime    Last Run
----------------------------------------  -----  ---------  --------  ----------  --------------  -------------------
/opt/airflow/dags/end_to_end.py                                    1           0  0.27s           2025-07-23T04:48:10
/opt/airflow/dags/read_from_mongo_dag.py                           1           0  0.18s           2025-07-23T04:48:10
================================================================================
[2025-07-23T04:49:03.357+0000] {manager.py:738} INFO - Searching for files in /opt/airflow/dags
[2025-07-23T04:49:03.508+0000] {manager.py:741} INFO - There are 2 files in /opt/airflow/dags
[2025-07-23T04:49:10.635+0000] {manager.py:879} INFO - 
================================================================================
DAG File Processing Stats

File Path                                 PID    Runtime      # DAGs    # Errors  Last Runtime    Last Run
----------------------------------------  -----  ---------  --------  ----------  --------------  -------------------
/opt/airflow/dags/end_to_end.py                                    1           0  0.26s           2025-07-23T04:48:41
/opt/airflow/dags/read_from_mongo_dag.py                           1           0  0.19s           2025-07-23T04:48:41
================================================================================
[2025-07-23T04:49:41.468+0000] {manager.py:879} INFO - 
================================================================================
DAG File Processing Stats

File Path                                 PID    Runtime      # DAGs    # Errors  Last Runtime    Last Run
----------------------------------------  -----  ---------  --------  ----------  --------------  -------------------
/opt/airflow/dags/end_to_end.py                                    1           0  0.35s           2025-07-23T04:49:12
/opt/airflow/dags/read_from_mongo_dag.py                           1           0  0.26s           2025-07-23T04:49:11
================================================================================
[2025-07-23T04:50:12.191+0000] {manager.py:879} INFO - 
================================================================================
DAG File Processing Stats

File Path                                 PID    Runtime      # DAGs    # Errors  Last Runtime    Last Run
----------------------------------------  -----  ---------  --------  ----------  --------------  -------------------
/opt/airflow/dags/end_to_end.py                                    1           0  0.28s           2025-07-23T04:49:42
/opt/airflow/dags/read_from_mongo_dag.py                           1           0  0.19s           2025-07-23T04:49:42
================================================================================
[2025-07-23T04:50:42.890+0000] {manager.py:879} INFO - 
================================================================================
DAG File Processing Stats

File Path                                 PID    Runtime      # DAGs    # Errors  Last Runtime    Last Run
----------------------------------------  -----  ---------  --------  ----------  --------------  -------------------
/opt/airflow/dags/end_to_end.py                                    1           0  0.30s           2025-07-23T04:50:13
/opt/airflow/dags/read_from_mongo_dag.py                           1           0  0.20s           2025-07-23T04:50:13
================================================================================
[2025-07-23T04:51:13.757+0000] {manager.py:879} INFO - 
================================================================================
DAG File Processing Stats

File Path                                 PID    Runtime      # DAGs    # Errors  Last Runtime    Last Run
----------------------------------------  -----  ---------  --------  ----------  --------------  -------------------
/opt/airflow/dags/end_to_end.py                                    1           0  0.28s           2025-07-23T04:50:44
/opt/airflow/dags/read_from_mongo_dag.py                           1           0  0.21s           2025-07-23T04:50:44
================================================================================
[2025-07-23T04:51:44.484+0000] {manager.py:879} INFO - 
================================================================================
DAG File Processing Stats

File Path                                 PID    Runtime      # DAGs    # Errors  Last Runtime    Last Run
----------------------------------------  -----  ---------  --------  ----------  --------------  -------------------
/opt/airflow/dags/end_to_end.py                                    1           0  0.28s           2025-07-23T04:51:15
/opt/airflow/dags/read_from_mongo_dag.py                           1           0  0.20s           2025-07-23T04:51:15
================================================================================
[2025-07-23T04:52:15.257+0000] {manager.py:879} INFO - 
================================================================================
DAG File Processing Stats

File Path                                 PID    Runtime      # DAGs    # Errors  Last Runtime    Last Run
----------------------------------------  -----  ---------  --------  ----------  --------------  -------------------
/opt/airflow/dags/end_to_end.py                                    1           0  0.26s           2025-07-23T04:51:45
/opt/airflow/dags/read_from_mongo_dag.py                           1           0  0.19s           2025-07-23T04:51:45
================================================================================
[2025-07-23T04:52:42.580+0000] {manager.py:451} INFO - Exiting gracefully upon receiving signal 15
